2023-12-03T00:00:44+00:00 DEBUG POST: https://ads.tiktok.com/marketing_api/api/developer/app/create_auto_approve/

{"business_platform":"PROD","smb_id":"tt4b_woocommerce_656bc52c96edahttplocalhostprojectwordpresswp-admin","smb_name":"PROD","redirect_url":"http:\/\/localhost\/project\/wordpress\/wp-admin\/"}
 ajax: no
2023-12-03T00:00:45+00:00 DEBUG Tt4b_Mapi_Class::create_open_source_app: Response: 

HTTP/1.1 200 OK
Server: TLB
Content-Type: application/json
X-Tt-Logid: 20231203000043C48F05FF72E0CB411042,20231203000043C48F05FF72E0CB411042
Strict-Transport-Security: max-age=31536000; includeSubDomains
x-tt-trace-host: 01acdce0519bcb3d20c1a21bbf7d9f29dab9f0cc93cb5ed2d4ee42ecc6244fc41cc7f8bfd304dde26b5b988c03f72e12fb68ba25dd265e6f8ed7977b7cfb9ee63171740438523c31216984830a3a34975391777676a5d0c82badc065fe8de0c9b38a0d5fffae70d70cadb31bc6c402cfec
Content-Encoding: gzip
Content-Length: 214
X-Origin-Response-Time: 54,23.44.4.76
X-Akamai-Request-ID: 13db4d4a.582d6cbd
Date: Sun, 03 Dec 2023 00:00:45 GMT
X-Cache: TCP_MISS from a23-218-213-21.deploy.akamaitechnologies.com (AkamaiGHost/11.3.2.1-52518411) (-)
Connection: close
Vary: Accept-Encoding
X-Cache-Remote: TCP_MISS from a23-44-4-76.deploy.akamaitechnologies.com (AkamaiGHost/11.3.2.1-52518411) (-)
x-tt-trace-tag: id=16;cdn-cache=miss;type=dyn
Server-Timing: cdn-cache; desc=MISS, edge; dur=339, origin; dur=54
Server-Timing: inner; dur=48
X-Parent-Response-Time: 385,23.218.213.21

{"code":0,"msg":"ok","data":{"external_data_key":"40336ed4-3596-4046-aa0c-d8beae85d1d7","app_id":"7308151616543129602","redirect_uri":"http:\/\/localhost\/project\/wordpress\/wp-admin\/","app_secret":"55c15269c7a9708fbe885840c3363d844f0274c1"}}

2023-12-03T00:07:12+00:00 DEBUG Tt4b_Pixel_Class::inject_view_content_event: hit ViewContent
2023-12-03T00:07:12+00:00 DEBUG Tt4b_Pixel_Class::inject_view_content_event: Missing option "access_token"
2023-12-03T00:23:36+00:00 DEBUG Tt4b_Pixel_Class::inject_view_content_event: hit ViewContent
2023-12-03T00:23:36+00:00 DEBUG Tt4b_Pixel_Class::inject_view_content_event: Missing option "access_token"
2023-12-03T00:27:02+00:00 DEBUG Tt4b_Pixel_Class::inject_add_to_cart_event: hit AddToCart
2023-12-03T00:27:02+00:00 DEBUG Tt4b_Pixel_Class::inject_add_to_cart_event: Missing option "access_token"
2023-12-03T00:31:54+00:00 DEBUG Tt4b_Pixel_Class::inject_view_content_event: hit ViewContent
2023-12-03T00:31:54+00:00 DEBUG Tt4b_Pixel_Class::inject_view_content_event: Missing option "access_token"
2023-12-03T00:44:18+00:00 DEBUG POST: https://business-api.tiktok.com/tbp/v2.0/business_profile/disconnect?external_data=

{"business_platform":"WOO_COMMERCE","external_business_id":"tt4b_woocommerce_656bc52c96eda"}
 ajax: no
2023-12-03T00:44:19+00:00 DEBUG Tt4b_Mapi_Class::tbp_post: Response: 

HTTP/1.1 200 OK
Server: TLB
Content-Type: application/json; charset=utf-8
Content-Length: 95
X-Api-Deprecation-Info: API for Business Version 1.3 is now live. To avoid disruption to your business, we recommend you migrate all calls to v1.3 as soon as possible. Please visit our migration guide for more details: https://ads.tiktok.com/marketing_api/docs?id=1740029169927169
X-Domain-Change-Info: We have moved to the new domain business-api.tiktok.com for API services after the Platform Upgrade on 09/30/2021. Please update all of your requests with the new domain if you haven't done so already. For more information, please visit https://ads.tiktok.com/marketing_api/docs?rid=esb88xalm6m&id=1709207085043713
X-Tt-Logid: 202312030044181FC64A2245AEA2421D87
x-tt-trace-host: 01987d09751a2a545411db36e9df78db333e72aac5be81f95abc6c6c42a37d9efe724d2ee8eb63c49fe984b15b50d9d2bf2df2e85e05c83e01a736b7126b0292cafa6f8d448f556e4e1c380c9708896dfa9619715598362d21aec25b7a51e3d48329b52dd58b1583756aa1fce9b64b60f5
X-Origin-Response-Time: 20,23.47.190.92
X-Akamai-Request-ID: 5eb2fb57.643a2eaa
Expires: Sun, 03 Dec 2023 00:44:19 GMT
Cache-Control: max-age=0, no-cache, no-store
Pragma: no-cache
Date: Sun, 03 Dec 2023 00:44:19 GMT
X-Cache: TCP_MISS from a2-20-196-100.deploy.akamaitechnologies.com (AkamaiGHost/11.3.2-52183077) (-)
Connection: close
X-Cache-Remote: TCP_MISS from a23-47-190-92.deploy.akamaitechnologies.com (AkamaiGHost/11.3.2-52183077) (-)
x-tt-trace-tag: id=16;cdn-cache=miss;type=dyn
Server-Timing: cdn-cache; desc=MISS, edge; dur=957, origin; dur=20
Server-Timing: inner; dur=10
X-Parent-Response-Time: 974,2.20.196.100

{"code":40001,"message":"Permission denied.","request_id":"202312030044181FC64A2245AEA2421D87"}

2023-12-03T00:44:19+00:00 DEBUG POST: https://business-api.tiktok.com/tbp/v2.0/shop/connection/disconnect?external_data=

--- EMPTY STRING ---
 ajax: no
2023-12-03T00:44:20+00:00 DEBUG Tt4b_Mapi_Class::tts_shop_disconnect: Response: 

HTTP/1.1 200 OK
Server: TLB
Content-Type: application/json; charset=utf-8
Content-Length: 95
X-Api-Deprecation-Info: API for Business Version 1.3 is now live. To avoid disruption to your business, we recommend you migrate all calls to v1.3 as soon as possible. Please visit our migration guide for more details: https://ads.tiktok.com/marketing_api/docs?id=1740029169927169
X-Domain-Change-Info: We have moved to the new domain business-api.tiktok.com for API services after the Platform Upgrade on 09/30/2021. Please update all of your requests with the new domain if you haven't done so already. For more information, please visit https://ads.tiktok.com/marketing_api/docs?rid=esb88xalm6m&id=1709207085043713
X-Tt-Logid: 2023120300441804E7CAC4509E33429440
x-tt-trace-host: 01987d09751a2a545411db36e9df78db333e72aac5be81f95abc6c6c42a37d9efe724d2ee8eb63c49fe984b15b50d9d2bf06d6ad79b695eb330746656b89fa7cc4d5505c9bf8da59d3fde3a9de961549194a06e5f06a44404df60c0d67d73d75acb0b48a2c6d0eac3869e620123ead8f01
X-Origin-Response-Time: 17,23.47.190.92
X-Akamai-Request-ID: 5eb2fb73.643a5085
Expires: Sun, 03 Dec 2023 00:44:20 GMT
Cache-Control: max-age=0, no-cache, no-store
Pragma: no-cache
Date: Sun, 03 Dec 2023 00:44:20 GMT
X-Cache: TCP_MISS from a2-20-196-100.deploy.akamaitechnologies.com (AkamaiGHost/11.3.2-52183077) (-)
Connection: close
X-Cache-Remote: TCP_MISS from a23-47-190-92.deploy.akamaitechnologies.com (AkamaiGHost/11.3.2-52183077) (-)
x-tt-trace-tag: id=16;cdn-cache=miss;type=dyn
Server-Timing: cdn-cache; desc=MISS, edge; dur=320, origin; dur=17
Server-Timing: inner; dur=7
X-Parent-Response-Time: 335,2.20.196.100

{"code":40001,"message":"Permission denied.","request_id":"2023120300441804E7CAC4509E33429440"}

